#
# There is insufficient memory for the Java Runtime Environment to continue.
# Native memory allocation (malloc) failed to allocate 1048576 bytes. Error detail: AllocateHeap
# Possible reasons:
#   The system is out of physical RAM or swap space
#   This process is running with CompressedOops enabled, and the Java Heap may be blocking the growth of the native heap
# Possible solutions:
#   Reduce memory load on the system
#   Increase physical memory or swap space
#   Check if swap backing store is full
#   Decrease Java heap size (-Xmx/-Xms)
#   Decrease number of Java threads
#   Decrease Java thread stack sizes (-Xss)
#   Set larger code cache with -XX:ReservedCodeCacheSize=
#   JVM is running with Unscaled Compressed Oops mode in which the Java heap is
#     placed in the first 4GB address space. The Java Heap base address is the
#     maximum limit for the native heap growth. Please use -XX:HeapBaseMinAddress
#     to set the Java Heap base and to place the Java Heap above 4GB virtual address.
# This output file may be truncated or incomplete.
#
#  Out of Memory Error (allocation.cpp:44), pid=33012, tid=4328
#
# JRE version: OpenJDK Runtime Environment Temurin-21.0.11+10 (21.0.11+10) (build 21.0.11+10-LTS)
# Java VM: OpenJDK 64-Bit Server VM Temurin-21.0.11+10 (21.0.11+10-LTS, mixed mode, sharing, tiered, compressed oops, compressed class ptrs, parallel gc, windows-amd64)
# No core dump will be written. Minidumps are not enabled by default on client versions of Windows
#

---------------  S U M M A R Y ------------

Command Line: --add-modules=ALL-SYSTEM --add-opens=java.base/java.util=ALL-UNNAMED --add-opens=java.base/java.lang=ALL-UNNAMED --add-opens=java.base/sun.nio.fs=ALL-UNNAMED -Declipse.application=org.eclipse.jdt.ls.core.id1 -Dosgi.bundles.defaultStartLevel=4 -Declipse.product=org.eclipse.jdt.ls.core.product -Djava.import.generatesMetadataFilesAtProjectRoot=false -DDetectVMInstallationsJob.disabled=true -Dfile.encoding=utf8 -XX:+UseParallelGC -XX:GCTimeRatio=4 -XX:AdaptiveSizePolicyWeight=90 -Dsun.zip.disableMemoryMapping=true -Xmx2G -Xms100m -Xlog:disable -javaagent:c:\Users\toant\.vscode\extensions\redhat.java-1.55.0-win32-x64\lombok\lombok-1.18.39-4050.jar -XX:+HeapDumpOnOutOfMemoryError -XX:HeapDumpPath=c:\Users\toant\AppData\Roaming\Code\User\workspaceStorage\453487d52f53045395de0721a92c6c20\redhat.java -Daether.dependencyCollector.impl=bf c:\Users\toant\.vscode\extensions\redhat.java-1.55.0-win32-x64\server\plugins\org.eclipse.equinox.launcher_1.7.200.v20260619-2039.jar -configuration c:\Users\toant\AppData\Roaming\Code\User\globalStorage\redhat.java\1.55.0\config_win -data c:\Users\toant\AppData\Roaming\Code\User\workspaceStorage\453487d52f53045395de0721a92c6c20\redhat.java\jdt_ws --pipe=\\.\pipe\lsp-d682e02b40de8eaec39d5ea8d06922b2-sock

Host: AMD Ryzen 5 5500U with Radeon Graphics         , 12 cores, 7G,  Windows 11 , 64 bit Build 26100 (10.0.26100.8521)
Time: Wed Jul  8 18:14:43 2026 SE Asia Standard Time elapsed time: 2841.188972 seconds (0d 0h 47m 21s)

---------------  T H R E A D  ---------------

Current thread (0x0000022d63168620):  JavaThread "Attach Listener" daemon [_thread_in_vm, id=4328, stack(0x000000a37d500000,0x000000a37d600000) (1024K)]

Stack: [0x000000a37d500000,0x000000a37d600000]
Native frames: (J=compiled Java code, j=interpreted, Vv=VM code, C=native code)
V  [jvm.dll+0x6d7e19]
V  [jvm.dll+0x8b5096]
V  [jvm.dll+0x8b764e]
V  [jvm.dll+0x8b7d33]
V  [jvm.dll+0x284596]
V  [jvm.dll+0xc13c7]
V  [jvm.dll+0x6d86c9]
V  [jvm.dll+0x133616]
V  [jvm.dll+0x3f868e]
V  [jvm.dll+0x85fb0d]
V  [jvm.dll+0x6d664d]
C  [ucrtbase.dll+0x2cd30]
C  [KERNEL32.DLL+0x2e957]
C  [ntdll.dll+0x87c1c]


---------------  P R O C E S S  ---------------

Threads class SMR info:
_java_thread_list=0x0000022d76abfa70, length=58, elements={
0x0000022d4a8ce230, 0x0000022d4a87df10, 0x0000022d63161db0, 0x0000022d63167a90,
0x0000022d63168620, 0x0000022d6316c900, 0x0000022d63170b30, 0x0000022d631804b0,
0x0000022d631a3460, 0x0000022d633c51b0, 0x0000022d635008d0, 0x0000022d63bc3110,
0x0000022d636382f0, 0x0000022d63d29150, 0x0000022d63c28560, 0x0000022d632d34b0,
0x0000022d63909ae0, 0x0000022d63993050, 0x0000022d63215a20, 0x0000022d63217460,
0x0000022d63218180, 0x0000022d63218810, 0x0000022d68968f60, 0x0000022d68967520,
0x0000022d689695f0, 0x0000022d68966800, 0x0000022d68967bb0, 0x0000022d68969c80,
0x0000022d689688d0, 0x0000022d68968240, 0x0000022d68966e90, 0x0000022d6ad7b630,
0x0000022d6ad79560, 0x0000022d6ad78ed0, 0x0000022d6ad7a280, 0x0000022d6ad79bf0,
0x0000022d6ad7bcc0, 0x0000022d6ad7a910, 0x0000022d6ad7e420, 0x0000022d6ad7d700,
0x0000022d6ad7dd90, 0x0000022d6adc60f0, 0x0000022d6adc53d0, 0x0000022d6adc3300,
0x0000022d6adc81c0, 0x0000022d6adc6e10, 0x0000022d6adc8ee0, 0x0000022d6adc74a0,
0x0000022d6adc18c0, 0x0000022d6adc25e0, 0x0000022d6adc1f50, 0x0000022d6adc5a60,
0x0000022d6adc2c70, 0x0000022d6adc6780, 0x0000022d6adc4020, 0x0000022d6adc7b30,
0x0000022d6adc8850, 0x0000022d6ad7afa0
}

Java Threads: ( => current thread )
  0x0000022d4a8ce230 JavaThread "main"                              [_thread_blocked, id=31132, stack(0x000000a37ce00000,0x000000a37cf00000) (1024K)]
  0x0000022d4a87df10 JavaThread "Reference Handler"          daemon [_thread_blocked, id=25876, stack(0x000000a37d200000,0x000000a37d300000) (1024K)]
  0x0000022d63161db0 JavaThread "Finalizer"                  daemon [_thread_blocked, id=24708, stack(0x000000a37d300000,0x000000a37d400000) (1024K)]
  0x0000022d63167a90 JavaThread "Signal Dispatcher"          daemon [_thread_blocked, id=20204, stack(0x000000a37d400000,0x000000a37d500000) (1024K)]
=>0x0000022d63168620 JavaThread "Attach Listener"            daemon [_thread_in_vm, id=4328, stack(0x000000a37d500000,0x000000a37d600000) (1024K)]
  0x0000022d6316c900 JavaThread "Service Thread"             daemon [_thread_blocked, id=25880, stack(0x000000a37d600000,0x000000a37d700000) (1024K)]
  0x0000022d63170b30 JavaThread "Monitor Deflation Thread"   daemon [_thread_blocked, id=29148, stack(0x000000a37d700000,0x000000a37d800000) (1024K)]
  0x0000022d631804b0 JavaThread "C2 CompilerThread0"         daemon [_thread_blocked, id=25464, stack(0x000000a37d800000,0x000000a37d900000) (1024K)]
  0x0000022d631a3460 JavaThread "C1 CompilerThread0"         daemon [_thread_blocked, id=20044, stack(0x000000a37d900000,0x000000a37da00000) (1024K)]
  0x0000022d633c51b0 JavaThread "Common-Cleaner"             daemon [_thread_blocked, id=26800, stack(0x000000a37db00000,0x000000a37dc00000) (1024K)]
  0x0000022d635008d0 JavaThread "Notification Thread"        daemon [_thread_blocked, id=5336, stack(0x000000a37dc00000,0x000000a37dd00000) (1024K)]
  0x0000022d63bc3110 JavaThread "Active Thread: Equinox Container: 34a24b61-0919-46af-94a1-23616f222451"        [_thread_blocked, id=25828, stack(0x000000a37da00000,0x000000a37db00000) (1024K)]
  0x0000022d636382f0 JavaThread "Refresh Thread: Equinox Container: 34a24b61-0919-46af-94a1-23616f222451" daemon [_thread_blocked, id=25712, stack(0x000000a37e400000,0x000000a37e500000) (1024K)]
  0x0000022d63d29150 JavaThread "Framework Event Dispatcher: Equinox Container: 34a24b61-0919-46af-94a1-23616f222451" daemon [_thread_blocked, id=11720, stack(0x000000a37e500000,0x000000a37e600000) (1024K)]
  0x0000022d63c28560 JavaThread "Start Level: Equinox Container: 34a24b61-0919-46af-94a1-23616f222451" daemon [_thread_blocked, id=29792, stack(0x000000a37e600000,0x000000a37e700000) (1024K)]
  0x0000022d632d34b0 JavaThread "Bundle File Closer"         daemon [_thread_blocked, id=20036, stack(0x000000a37e700000,0x000000a37e800000) (1024K)]
  0x0000022d63909ae0 JavaThread "SCR Component Actor"        daemon [_thread_blocked, id=23116, stack(0x000000a37ea00000,0x000000a37eb00000) (1024K)]
  0x0000022d63993050 JavaThread "Worker-JM"                         [_thread_blocked, id=12168, stack(0x000000a37ed00000,0x000000a37ee00000) (1024K)]
  0x0000022d63215a20 JavaThread "JNA Cleaner"                daemon [_thread_blocked, id=34064, stack(0x000000a37ee00000,0x000000a37ef00000) (1024K)]
  0x0000022d63217460 JavaThread "Java indexing"              daemon [_thread_blocked, id=27004, stack(0x000000a37f100000,0x000000a37f200000) (1024K)]
  0x0000022d63218180 JavaThread "Thread-1"                   daemon [_thread_in_native, id=18096, stack(0x000000a37f700000,0x000000a37f800000) (1024K)]
  0x0000022d63218810 JavaThread "Thread-2"                   daemon [_thread_in_native, id=31136, stack(0x000000a37f800000,0x000000a37f900000) (1024K)]
  0x0000022d68968f60 JavaThread "Thread-3"                   daemon [_thread_in_native, id=26340, stack(0x000000a37f900000,0x000000a37fa00000) (1024K)]
  0x0000022d68967520 JavaThread "Thread-4"                   daemon [_thread_in_native, id=5216, stack(0x000000a37fa00000,0x000000a37fb00000) (1024K)]
  0x0000022d689695f0 JavaThread "Thread-5"                   daemon [_thread_in_native, id=6068, stack(0x000000a37fb00000,0x000000a37fc00000) (1024K)]
  0x0000022d68966800 JavaThread "Thread-6"                   daemon [_thread_in_native, id=12136, stack(0x000000a37fc00000,0x000000a37fd00000) (1024K)]
  0x0000022d68967bb0 JavaThread "Thread-7"                   daemon [_thread_in_native, id=13172, stack(0x000000a37fd00000,0x000000a37fe00000) (1024K)]
  0x0000022d68969c80 JavaThread "Thread-8"                   daemon [_thread_in_native, id=25144, stack(0x000000a37fe00000,0x000000a37ff00000) (1024K)]
  0x0000022d689688d0 JavaThread "Thread-9"                   daemon [_thread_in_native, id=34096, stack(0x000000a37ff00000,0x000000a380000000) (1024K)]
  0x0000022d68968240 JavaThread "Thread-10"                  daemon [_thread_in_native, id=27208, stack(0x000000a300000000,0x000000a300100000) (1024K)]
  0x0000022d68966e90 JavaThread "Thread-11"                  daemon [_thread_in_native, id=11304, stack(0x000000a300100000,0x000000a300200000) (1024K)]
  0x0000022d6ad7b630 JavaThread "Thread-12"                  daemon [_thread_in_native, id=34420, stack(0x000000a300200000,0x000000a300300000) (1024K)]
  0x0000022d6ad79560 JavaThread "Thread-13"                  daemon [_thread_in_native, id=17120, stack(0x000000a300300000,0x000000a300400000) (1024K)]
  0x0000022d6ad78ed0 JavaThread "pool-2-thread-1"                   [_thread_blocked, id=32224, stack(0x000000a300400000,0x000000a300500000) (1024K)]
  0x0000022d6ad7a280 JavaThread "WorkspaceEventsHandler"            [_thread_blocked, id=24668, stack(0x000000a300500000,0x000000a300600000) (1024K)]
  0x0000022d6ad79bf0 JavaThread "pool-1-thread-1"                   [_thread_blocked, id=11584, stack(0x000000a300600000,0x000000a300700000) (1024K)]
  0x0000022d6ad7bcc0 JavaThread "PatternSearchJob-worker-1"  daemon [_thread_blocked, id=31284, stack(0x000000a300700000,0x000000a300800000) (1024K)]
  0x0000022d6ad7a910 JavaThread "PatternSearchJob-worker-6"  daemon [_thread_blocked, id=2740, stack(0x000000a300c00000,0x000000a300d00000) (1024K)]
  0x0000022d6ad7e420 JavaThread "PatternSearchJob-worker-8"  daemon [_thread_blocked, id=25192, stack(0x000000a300e00000,0x000000a300f00000) (1024K)]
  0x0000022d6ad7d700 JavaThread "PatternSearchJob-worker-9"  daemon [_thread_blocked, id=24452, stack(0x000000a300f00000,0x000000a301000000) (1024K)]
  0x0000022d6ad7dd90 JavaThread "PatternSearchJob-worker-11" daemon [_thread_blocked, id=6084, stack(0x000000a301100000,0x000000a301200000) (1024K)]
  0x0000022d6adc60f0 JavaThread "Cleaner-0"                  daemon [_thread_blocked, id=23580, stack(0x000000a302100000,0x000000a302200000) (1024K)]
  0x0000022d6adc53d0 JavaThread "Java Debug Server"          daemon [_thread_in_native, id=14764, stack(0x000000a301700000,0x000000a301800000) (1024K)]
  0x0000022d6adc3300 JavaThread "pool-4-thread-1"                   [_thread_in_native, id=13948, stack(0x000000a301800000,0x000000a301900000) (1024K)]
  0x0000022d6adc81c0 JavaThread "RxSchedulerPurge-1"         daemon [_thread_blocked, id=24500, stack(0x000000a301900000,0x000000a301a00000) (1024K)]
  0x0000022d6adc6e10 JavaThread "RxCachedWorkerPoolEvictor-1" daemon [_thread_blocked, id=18044, stack(0x000000a301a00000,0x000000a301b00000) (1024K)]
  0x0000022d6adc8ee0 JavaThread "RxNewThreadScheduler-1"     daemon [_thread_blocked, id=14880, stack(0x000000a301c00000,0x000000a301d00000) (1024K)]
  0x0000022d6adc74a0 JavaThread "process reaper (pid 29472)" daemon [_thread_in_native, id=2932, stack(0x000000a301b00000,0x000000a301b20000) (128K)]
  0x0000022d6adc18c0 JavaThread "Worker-11"                         [_thread_blocked, id=33212, stack(0x000000a300800000,0x000000a300900000) (1024K)]
  0x0000022d6adc25e0 JavaThread "ForkJoinPool.commonPool-worker-23" daemon [_thread_blocked, id=16304, stack(0x000000a300900000,0x000000a300a00000) (1024K)]
  0x0000022d6adc1f50 JavaThread "ForkJoinPool.commonPool-worker-24" daemon [_thread_blocked, id=12236, stack(0x000000a300d00000,0x000000a300e00000) (1024K)]
  0x0000022d6adc5a60 JavaThread "ForkJoinPool.commonPool-worker-25" daemon [_thread_blocked, id=6784, stack(0x000000a301000000,0x000000a301100000) (1024K)]
  0x0000022d6adc2c70 JavaThread "ForkJoinPool.commonPool-worker-26" daemon [_thread_blocked, id=2232, stack(0x000000a301200000,0x000000a301300000) (1024K)]
  0x0000022d6adc6780 JavaThread "ForkJoinPool.commonPool-worker-27" daemon [_thread_blocked, id=31416, stack(0x000000a301300000,0x000000a301400000) (1024K)]
  0x0000022d6adc4020 JavaThread "ForkJoinPool.commonPool-worker-28" daemon [_thread_blocked, id=17028, stack(0x000000a301500000,0x000000a301600000) (1024K)]
  0x0000022d6adc7b30 JavaThread "ForkJoinPool.commonPool-worker-29" daemon [_thread_blocked, id=6412, stack(0x000000a301600000,0x000000a301700000) (1024K)]
  0x0000022d6adc8850 JavaThread "ForkJoinPool.commonPool-worker-30" daemon [_thread_blocked, id=16976, stack(0x000000a301d00000,0x000000a301e00000) (1024K)]
  0x0000022d6ad7afa0 JavaThread "Worker-12"                         [_thread_blocked, id=8852, stack(0x000000a300b00000,0x000000a300c00000) (1024K)]
Total: 58

Other Threads:
  0x0000022d4a863fd0 VMThread "VM Thread"                           [id=14104, stack(0x000000a37d100000,0x000000a37d200000) (1024K)]
  0x0000022d4a75ca00 WatcherThread "VM Periodic Task Thread"        [id=22756, stack(0x000000a37d000000,0x000000a37d100000) (1024K)]
  0x0000022d4a8ec340 WorkerThread "GC Thread#0"                     [id=30272, stack(0x000000a37cf00000,0x000000a37d000000) (1024K)]
  0x0000022d637e5780 WorkerThread "GC Thread#1"                     [id=19116, stack(0x000000a37dd00000,0x000000a37de00000) (1024K)]
  0x0000022d637e5b30 WorkerThread "GC Thread#2"                     [id=3580, stack(0x000000a37de00000,0x000000a37df00000) (1024K)]
  0x0000022d680a5a70 WorkerThread "GC Thread#3"                     [id=31264, stack(0x000000a37df00000,0x000000a37e000000) (1024K)]
  0x0000022d6800b4a0 WorkerThread "GC Thread#4"                     [id=20420, stack(0x000000a37e000000,0x000000a37e100000) (1024K)]
  0x0000022d6800b850 WorkerThread "GC Thread#5"                     [id=6104, stack(0x000000a37e100000,0x000000a37e200000) (1024K)]
  0x0000022d6800bc00 WorkerThread "GC Thread#6"                     [id=24232, stack(0x000000a37e200000,0x000000a37e300000) (1024K)]
  0x0000022d63cfe600 WorkerThread "GC Thread#7"                     [id=27876, stack(0x000000a37e300000,0x000000a37e400000) (1024K)]
  0x0000022d631a6170 WorkerThread "GC Thread#8"                     [id=33024, stack(0x000000a37e800000,0x000000a37e900000) (1024K)]
  0x0000022d638afdc0 WorkerThread "GC Thread#9"                     [id=18180, stack(0x000000a37e900000,0x000000a37ea00000) (1024K)]
Total: 12

Threads with active compile tasks:
Total: 0

VM state: not at safepoint (normal execution)

VM Mutex/Monitor currently owned by a thread: None

Heap address: 0x0000000080000000, size: 2048 MB, Compressed Oops mode: 32-bit

CDS archive(s) mapped at: [0x0000022d00000000-0x0000022d00ba0000-0x0000022d00ba0000), size 12189696, SharedBaseAddress: 0x0000022d00000000, ArchiveRelocationMode: 1.
Compressed class space mapped at: 0x0000022d01000000-0x0000022d41000000, reserved size: 1073741824
Narrow klass base: 0x0000022d00000000, Narrow klass shift: 0, Narrow klass range: 0x100000000

GC Precious Log:
 CardTable entry size: 512
 CPUs: 12 total, 12 available
 Memory: 7530M
 Large Page Support: Disabled
 NUMA Support: Disabled
 Compressed Oops: Enabled (32-bit)
 Alignments: Space 512K, Generation 512K, Heap 2M
 Heap Min Capacity: 100M
 Heap Initial Capacity: 100M
 Heap Max Capacity: 2G
 Pre-touch: Disabled
 Parallel Workers: 10

Heap:
 PSYoungGen      total 2560K, used 1395K [0x00000000d5580000, 0x00000000d5900000, 0x0000000100000000)
  eden space 2048K, 52% used [0x00000000d5580000,0x00000000d568ce98,0x00000000d5780000)
  from space 512K, 62% used [0x00000000d5880000,0x00000000d58d0000,0x00000000d5900000)
  to   space 512K, 0% used [0x00000000d5800000,0x00000000d5800000,0x00000000d5880000)
 ParOldGen       total 214528K, used 214114K [0x0000000080000000, 0x000000008d180000, 0x00000000d5580000)
  object space 214528K, 99% used [0x0000000080000000,0x000000008d118b18,0x000000008d180000)
 Metaspace       used 76592K, committed 78400K, reserved 1179648K
  class space    used 8053K, committed 8832K, reserved 1048576K

Card table byte_map: [0x0000022d4a270000,0x0000022d4a680000] _byte_map_base: 0x0000022d49e70000

Marking Bits: (ParMarkBitMap*) 0x00007ffc0fca4460
 Begin Bits: [0x0000022d5cd80000, 0x0000022d5ed80000)
 End Bits:   [0x0000022d5ed80000, 0x0000022d60d80000)

Polling page: 0x0000022d48710000

Metaspace:

Usage:
  Non-class:     66.93 MB used.
      Class:      7.86 MB used.
       Both:     74.80 MB used.

Virtual space:
  Non-class space:      128.00 MB reserved,      67.94 MB ( 53%) committed,  2 nodes.
      Class space:        1.00 GB reserved,       8.62 MB ( <1%) committed,  1 nodes.
             Both:        1.12 GB reserved,      76.56 MB (  7%) committed. 

Chunk freelists:
   Non-Class:  12.11 MB
       Class:  7.36 MB
        Both:  19.46 MB

MaxMetaspaceSize: unlimited
CompressedClassSpaceSize: 1.00 GB
Initial GC threshold: 21.00 MB
Current GC threshold: 97.31 MB
CDS: on
 - commit_granule_bytes: 65536.
 - commit_granule_words: 8192.
 - virtual_space_node_default_size: 8388608.
 - enlarge_chunks_in_place: 1.
 - use_allocation_guard: 0.


Internal statistics:

num_allocs_failed_limit: 9.
num_arena_births: 1530.
num_arena_deaths: 18.
num_vsnodes_births: 3.
num_vsnodes_deaths: 0.
num_space_committed: 1225.
num_space_uncommitted: 0.
num_chunks_returned_to_freelist: 29.
num_chunks_taken_from_freelist: 5275.
num_chunk_merges: 17.
num_chunk_splits: 3211.
num_chunks_enlarged: 1772.
num_inconsistent_stats: 0.

CodeHeap 'non-profiled nmethods': size=120000Kb used=12479Kb max_used=12479Kb free=107520Kb
 bounds [0x0000022d555a0000, 0x0000022d561d0000, 0x0000022d5cad0000]
CodeHeap 'profiled nmethods': size=120000Kb used=35455Kb max_used=35455Kb free=84545Kb
 bounds [0x0000022d4dad0000, 0x0000022d4fd70000, 0x0000022d55000000]
CodeHeap 'non-nmethods': size=5760Kb used=1480Kb max_used=1582Kb free=4279Kb
 bounds [0x0000022d55000000, 0x0000022d55270000, 0x0000022d555a0000]
CodeCache: size=245760Kb, used=49414Kb, max_used=49516Kb, free=196344Kb
 total_blobs=15300, nmethods=14496, adapters=709, full_count=0
Compilation: enabled, stopped_count=0, restarted_count=0

Compilation events (20 events):
Event: 2696.018 Thread 0x0000022d631a3460 15230       3       java.util.HashMap::<init> (17 bytes)
Event: 2696.018 Thread 0x0000022d631a3460 nmethod 15230 0x0000022d4fd6e610 code [0x0000022d4fd6e7c0, 0x0000022d4fd6e9c8]
Event: 2699.666 Thread 0x0000022d631804b0 15231       4       java.util.concurrent.ScheduledThreadPoolExecutor::canRunInCurrentRunState (61 bytes)
Event: 2699.697 Thread 0x0000022d631804b0 nmethod 15231 0x0000022d561cc090 code [0x0000022d561cc220, 0x0000022d561cc2e8]
Event: 2708.008 Thread 0x0000022d631804b0 15232       4       com.google.gson.reflect.TypeToken::<init> (41 bytes)
Event: 2708.066 Thread 0x0000022d631804b0 nmethod 15232 0x0000022d561cc410 code [0x0000022d561cc740, 0x0000022d561cd720]
Event: 2732.637 Thread 0x0000022d631804b0 15233       4       java.util.concurrent.TimeUnit::convert (73 bytes)
Event: 2732.641 Thread 0x0000022d631804b0 nmethod 15233 0x0000022d561ce210 code [0x0000022d561ce3c0, 0x0000022d561ce550]
Event: 2756.649 Thread 0x0000022d631804b0 15234       4       java.util.concurrent.ThreadPoolExecutor::runStateAtLeast (11 bytes)
Event: 2756.650 Thread 0x0000022d631804b0 nmethod 15234 0x0000022d561ce690 code [0x0000022d561ce800, 0x0000022d561ce878]
Event: 2759.530 Thread 0x0000022d631a3460 15235       3       org.eclipse.jdt.internal.core.CompilationUnit$$Lambda/0x0000022d0172af40::apply (5 bytes)
Event: 2759.536 Thread 0x0000022d631a3460 nmethod 15235 0x0000022d4fd6eb10 code [0x0000022d4fd6ecc0, 0x0000022d4fd6eeb8]
Event: 2814.030 Thread 0x0000022d631a3460 15236       1       org.eclipse.core.runtime.jobs.Job::belongsTo (2 bytes)
Event: 2814.033 Thread 0x0000022d631a3460 nmethod 15236 0x0000022d561ce990 code [0x0000022d561ceb20, 0x0000022d561cebe8]
Event: 2814.034 Thread 0x0000022d631a3460 15237       1       org.eclipse.core.internal.resources.WorkspaceRoot::getProject (2 bytes)
Event: 2814.041 Thread 0x0000022d631a3460 nmethod 15237 0x0000022d561cec90 code [0x0000022d561cee20, 0x0000022d561ceef0]
Event: 2814.043 Thread 0x0000022d631a3460 15238       3       org.eclipse.core.internal.filesystem.local.LocalFile::equals (54 bytes)
Event: 2814.050 Thread 0x0000022d631804b0 15239   !   4       jdk.internal.reflect.DirectConstructorHandleAccessor::newInstance (130 bytes)
Event: 2814.135 Thread 0x0000022d631a3460 nmethod 15238 0x0000022d4fd6ef90 code [0x0000022d4fd6f1a0, 0x0000022d4fd6f990]
Event: 2814.273 Thread 0x0000022d631804b0 nmethod 15239 0x0000022d561cef90 code [0x0000022d561cf200, 0x0000022d561cf800]

GC Heap History (20 events):
Event: 2633.016 GC heap before
{Heap before GC invocations=210 (full 3):
 PSYoungGen      total 3584K, used 3200K [0x00000000d5580000, 0x00000000d5b80000, 0x0000000100000000)
  eden space 1536K, 100% used [0x00000000d5580000,0x00000000d5700000,0x00000000d5700000)
  from space 2048K, 81% used [0x00000000d5900000,0x00000000d5aa0000,0x00000000d5b00000)
  to   space 2048K, 0% used [0x00000000d5700000,0x00000000d5700000,0x00000000d5900000)
 ParOldGen       total 208384K, used 208380K [0x0000000080000000, 0x000000008cb80000, 0x00000000d5580000)
  object space 208384K, 99% used [0x0000000080000000,0x000000008cb7f3f0,0x000000008cb80000)
 Metaspace       used 76407K, committed 78144K, reserved 1179648K
  class space    used 8031K, committed 8768K, reserved 1048576K
}
Event: 2633.020 GC heap after
{Heap after GC invocations=210 (full 3):
 PSYoungGen      total 3584K, used 1396K [0x00000000d5580000, 0x00000000d5a80000, 0x0000000100000000)
  eden space 1536K, 0% used [0x00000000d5580000,0x00000000d5580000,0x00000000d5700000)
  from space 2048K, 68% used [0x00000000d5700000,0x00000000d585d200,0x00000000d5900000)
  to   space 1536K, 0% used [0x00000000d5900000,0x00000000d5900000,0x00000000d5a80000)
 ParOldGen       total 210432K, used 209940K [0x0000000080000000, 0x000000008cd80000, 0x00000000d5580000)
  object space 210432K, 99% used [0x0000000080000000,0x000000008cd053f0,0x000000008cd80000)
 Metaspace       used 76407K, committed 78144K, reserved 1179648K
  class space    used 8031K, committed 8768K, reserved 1048576K
}
Event: 2633.040 GC heap before
{Heap before GC invocations=211 (full 3):
 PSYoungGen      total 3584K, used 2932K [0x00000000d5580000, 0x00000000d5a80000, 0x0000000100000000)
  eden space 1536K, 100% used [0x00000000d5580000,0x00000000d5700000,0x00000000d5700000)
  from space 2048K, 68% used [0x00000000d5700000,0x00000000d585d200,0x00000000d5900000)
  to   space 1536K, 0% used [0x00000000d5900000,0x00000000d5900000,0x00000000d5a80000)
 ParOldGen       total 210432K, used 209940K [0x0000000080000000, 0x000000008cd80000, 0x00000000d5580000)
  object space 210432K, 99% used [0x0000000080000000,0x000000008cd053f0,0x000000008cd80000)
 Metaspace       used 76409K, committed 78144K, reserved 1179648K
  class space    used 8032K, committed 8768K, reserved 1048576K
}
Event: 2633.044 GC heap after
{Heap after GC invocations=211 (full 3):
 PSYoungGen      total 3072K, used 544K [0x00000000d5580000, 0x00000000d5a00000, 0x0000000100000000)
  eden space 2048K, 0% used [0x00000000d5580000,0x00000000d5580000,0x00000000d5780000)
  from space 1024K, 53% used [0x00000000d5900000,0x00000000d5988000,0x00000000d5a00000)
  to   space 1024K, 0% used [0x00000000d5800000,0x00000000d5800000,0x00000000d5900000)
 ParOldGen       total 211456K, used 211185K [0x0000000080000000, 0x000000008ce80000, 0x00000000d5580000)
  object space 211456K, 99% used [0x0000000080000000,0x000000008ce3c5f0,0x000000008ce80000)
 Metaspace       used 76409K, committed 78144K, reserved 1179648K
  class space    used 8032K, committed 8768K, reserved 1048576K
}
Event: 2633.062 GC heap before
{Heap before GC invocations=212 (full 3):
 PSYoungGen      total 3072K, used 2591K [0x00000000d5580000, 0x00000000d5a00000, 0x0000000100000000)
  eden space 2048K, 99% used [0x00000000d5580000,0x00000000d577fc98,0x00000000d5780000)
  from space 1024K, 53% used [0x00000000d5900000,0x00000000d5988000,0x00000000d5a00000)
  to   space 1024K, 0% used [0x00000000d5800000,0x00000000d5800000,0x00000000d5900000)
 ParOldGen       total 211456K, used 211185K [0x0000000080000000, 0x000000008ce80000, 0x00000000d5580000)
  object space 211456K, 99% used [0x0000000080000000,0x000000008ce3c5f0,0x000000008ce80000)
 Metaspace       used 76409K, committed 78144K, reserved 1179648K
  class space    used 8032K, committed 8768K, reserved 1048576K
}
Event: 2633.064 GC heap after
{Heap after GC invocations=212 (full 3):
 PSYoungGen      total 3072K, used 384K [0x00000000d5580000, 0x00000000d5980000, 0x0000000100000000)
  eden space 2048K, 0% used [0x00000000d5580000,0x00000000d5580000,0x00000000d5780000)
  from space 1024K, 37% used [0x00000000d5800000,0x00000000d5860000,0x00000000d5900000)
  to   space 512K, 0% used [0x00000000d5900000,0x00000000d5900000,0x00000000d5980000)
 ParOldGen       total 211968K, used 211622K [0x0000000080000000, 0x000000008cf00000, 0x00000000d5580000)
  object space 211968K, 99% used [0x0000000080000000,0x000000008cea9990,0x000000008cf00000)
 Metaspace       used 76409K, committed 78144K, reserved 1179648K
  class space    used 8032K, committed 8768K, reserved 1048576K
}
Event: 2633.125 GC heap before
{Heap before GC invocations=213 (full 3):
 PSYoungGen      total 3072K, used 2432K [0x00000000d5580000, 0x00000000d5980000, 0x0000000100000000)
  eden space 2048K, 100% used [0x00000000d5580000,0x00000000d5780000,0x00000000d5780000)
  from space 1024K, 37% used [0x00000000d5800000,0x00000000d5860000,0x00000000d5900000)
  to   space 512K, 0% used [0x00000000d5900000,0x00000000d5900000,0x00000000d5980000)
 ParOldGen       total 211968K, used 211622K [0x0000000080000000, 0x000000008cf00000, 0x00000000d5580000)
  object space 211968K, 99% used [0x0000000080000000,0x000000008cea9990,0x000000008cf00000)
 Metaspace       used 76429K, committed 78208K, reserved 1179648K
  class space    used 8033K, committed 8832K, reserved 1048576K
}
Event: 2633.128 GC heap after
{Heap after GC invocations=213 (full 3):
 PSYoungGen      total 2560K, used 512K [0x00000000d5580000, 0x00000000d5980000, 0x0000000100000000)
  eden space 2048K, 0% used [0x00000000d5580000,0x00000000d5580000,0x00000000d5780000)
  from space 512K, 100% used [0x00000000d5900000,0x00000000d5980000,0x00000000d5980000)
  to   space 1024K, 0% used [0x00000000d5780000,0x00000000d5780000,0x00000000d5880000)
 ParOldGen       total 211968K, used 211890K [0x0000000080000000, 0x000000008cf00000, 0x00000000d5580000)
  object space 211968K, 99% used [0x0000000080000000,0x000000008ceec9d0,0x000000008cf00000)
 Metaspace       used 76429K, committed 78208K, reserved 1179648K
  class space    used 8033K, committed 8832K, reserved 1048576K
}
Event: 2633.238 GC heap before
{Heap before GC invocations=214 (full 3):
 PSYoungGen      total 2560K, used 2560K [0x00000000d5580000, 0x00000000d5980000, 0x0000000100000000)
  eden space 2048K, 100% used [0x00000000d5580000,0x00000000d5780000,0x00000000d5780000)
  from space 512K, 100% used [0x00000000d5900000,0x00000000d5980000,0x00000000d5980000)
  to   space 1024K, 0% used [0x00000000d5780000,0x00000000d5780000,0x00000000d5880000)
 ParOldGen       total 211968K, used 211890K [0x0000000080000000, 0x000000008cf00000, 0x00000000d5580000)
  object space 211968K, 99% used [0x0000000080000000,0x000000008ceec9d0,0x000000008cf00000)
 Metaspace       used 76496K, committed 78272K, reserved 1179648K
  class space    used 8050K, committed 8832K, reserved 1048576K
}
Event: 2633.240 GC heap after
{Heap after GC invocations=214 (full 3):
 PSYoungGen      total 3072K, used 576K [0x00000000d5580000, 0x00000000d5980000, 0x0000000100000000)
  eden space 2048K, 0% used [0x00000000d5580000,0x00000000d5580000,0x00000000d5780000)
  from space 1024K, 56% used [0x00000000d5780000,0x00000000d5810000,0x00000000d5880000)
  to   space 1024K, 0% used [0x00000000d5880000,0x00000000d5880000,0x00000000d5980000)
 ParOldGen       total 212480K, used 212370K [0x0000000080000000, 0x000000008cf80000, 0x00000000d5580000)
  object space 212480K, 99% used [0x0000000080000000,0x000000008cf64a00,0x000000008cf80000)
 Metaspace       used 76496K, committed 78272K, reserved 1179648K
  class space    used 8050K, committed 8832K, reserved 1048576K
}
Event: 2633.355 GC heap before
{Heap before GC invocations=215 (full 3):
 PSYoungGen      total 3072K, used 2624K [0x00000000d5580000, 0x00000000d5980000, 0x0000000100000000)
  eden space 2048K, 100% used [0x00000000d5580000,0x00000000d5780000,0x00000000d5780000)
  from space 1024K, 56% used [0x00000000d5780000,0x00000000d5810000,0x00000000d5880000)
  to   space 1024K, 0% used [0x00000000d5880000,0x00000000d5880000,0x00000000d5980000)
 ParOldGen       total 212480K, used 212370K [0x0000000080000000, 0x000000008cf80000, 0x00000000d5580000)
  object space 212480K, 99% used [0x0000000080000000,0x000000008cf64a00,0x000000008cf80000)
 Metaspace       used 76505K, committed 78272K, reserved 1179648K
  class space    used 8050K, committed 8832K, reserved 1048576K
}
Event: 2633.357 GC heap after
{Heap after GC invocations=215 (full 3):
 PSYoungGen      total 3072K, used 544K [0x00000000d5580000, 0x00000000d5980000, 0x0000000100000000)
  eden space 2048K, 0% used [0x00000000d5580000,0x00000000d5580000,0x00000000d5780000)
  from space 1024K, 53% used [0x00000000d5880000,0x00000000d5908000,0x00000000d5980000)
  to   space 1024K, 0% used [0x00000000d5780000,0x00000000d5780000,0x00000000d5880000)
 ParOldGen       total 212992K, used 212806K [0x0000000080000000, 0x000000008d000000, 0x00000000d5580000)
  object space 212992K, 99% used [0x0000000080000000,0x000000008cfd1a10,0x000000008d000000)
 Metaspace       used 76505K, committed 78272K, reserved 1179648K
  class space    used 8050K, committed 8832K, reserved 1048576K
}
Event: 2633.398 GC heap before
{Heap before GC invocations=216 (full 3):
 PSYoungGen      total 3072K, used 2592K [0x00000000d5580000, 0x00000000d5980000, 0x0000000100000000)
  eden space 2048K, 100% used [0x00000000d5580000,0x00000000d5780000,0x00000000d5780000)
  from space 1024K, 53% used [0x00000000d5880000,0x00000000d5908000,0x00000000d5980000)
  to   space 1024K, 0% used [0x00000000d5780000,0x00000000d5780000,0x00000000d5880000)
 ParOldGen       total 212992K, used 212806K [0x0000000080000000, 0x000000008d000000, 0x00000000d5580000)
  object space 212992K, 99% used [0x0000000080000000,0x000000008cfd1a10,0x000000008d000000)
 Metaspace       used 76528K, committed 78336K, reserved 1179648K
  class space    used 8051K, committed 8832K, reserved 1048576K
}
Event: 2633.401 GC heap after
{Heap after GC invocations=216 (full 3):
 PSYoungGen      total 3072K, used 352K [0x00000000d5580000, 0x00000000d5900000, 0x0000000100000000)
  eden space 2048K, 0% used [0x00000000d5580000,0x00000000d5580000,0x00000000d5780000)
  from space 1024K, 34% used [0x00000000d5780000,0x00000000d57d8000,0x00000000d5880000)
  to   space 512K, 0% used [0x00000000d5880000,0x00000000d5880000,0x00000000d5900000)
 ParOldGen       total 213504K, used 213172K [0x0000000080000000, 0x000000008d080000, 0x00000000d5580000)
  object space 213504K, 99% used [0x0000000080000000,0x000000008d02d2c0,0x000000008d080000)
 Metaspace       used 76528K, committed 78336K, reserved 1179648K
  class space    used 8051K, committed 8832K, reserved 1048576K
}
Event: 2633.420 GC heap before
{Heap before GC invocations=217 (full 3):
 PSYoungGen      total 3072K, used 2400K [0x00000000d5580000, 0x00000000d5900000, 0x0000000100000000)
  eden space 2048K, 100% used [0x00000000d5580000,0x00000000d5780000,0x00000000d5780000)
  from space 1024K, 34% used [0x00000000d5780000,0x00000000d57d8000,0x00000000d5880000)
  to   space 512K, 0% used [0x00000000d5880000,0x00000000d5880000,0x00000000d5900000)
 ParOldGen       total 213504K, used 213172K [0x0000000080000000, 0x000000008d080000, 0x00000000d5580000)
  object space 213504K, 99% used [0x0000000080000000,0x000000008d02d2c0,0x000000008d080000)
 Metaspace       used 76533K, committed 78336K, reserved 1179648K
  class space    used 8051K, committed 8832K, reserved 1048576K
}
Event: 2633.422 GC heap after
{Heap after GC invocations=217 (full 3):
 PSYoungGen      total 2560K, used 352K [0x00000000d5580000, 0x00000000d5900000, 0x0000000100000000)
  eden space 2048K, 0% used [0x00000000d5580000,0x00000000d5580000,0x00000000d5780000)
  from space 512K, 68% used [0x00000000d5880000,0x00000000d58d8000,0x00000000d5900000)
  to   space 512K, 0% used [0x00000000d5800000,0x00000000d5800000,0x00000000d5880000)
 ParOldGen       total 213504K, used 213388K [0x0000000080000000, 0x000000008d080000, 0x00000000d5580000)
  object space 213504K, 99% used [0x0000000080000000,0x000000008d0632c0,0x000000008d080000)
 Metaspace       used 76533K, committed 78336K, reserved 1179648K
  class space    used 8051K, committed 8832K, reserved 1048576K
}
Event: 2633.548 GC heap before
{Heap before GC invocations=218 (full 3):
 PSYoungGen      total 2560K, used 2307K [0x00000000d5580000, 0x00000000d5900000, 0x0000000100000000)
  eden space 2048K, 95% used [0x00000000d5580000,0x00000000d5768c10,0x00000000d5780000)
  from space 512K, 68% used [0x00000000d5880000,0x00000000d58d8000,0x00000000d5900000)
  to   space 512K, 0% used [0x00000000d5800000,0x00000000d5800000,0x00000000d5880000)
 ParOldGen       total 213504K, used 213388K [0x0000000080000000, 0x000000008d080000, 0x00000000d5580000)
  object space 213504K, 99% used [0x0000000080000000,0x000000008d0632c0,0x000000008d080000)
 Metaspace       used 76578K, committed 78336K, reserved 1179648K
  class space    used 8052K, committed 8832K, reserved 1048576K
}
Event: 2633.551 GC heap after
{Heap after GC invocations=218 (full 3):
 PSYoungGen      total 2560K, used 512K [0x00000000d5580000, 0x00000000d5980000, 0x0000000100000000)
  eden space 2048K, 0% used [0x00000000d5580000,0x00000000d5580000,0x00000000d5780000)
  from space 512K, 100% used [0x00000000d5800000,0x00000000d5880000,0x00000000d5880000)
  to   space 1024K, 0% used [0x00000000d5880000,0x00000000d5880000,0x00000000d5980000)
 ParOldGen       total 214016K, used 213636K [0x0000000080000000, 0x000000008d100000, 0x00000000d5580000)
  object space 214016K, 99% used [0x0000000080000000,0x000000008d0a1300,0x000000008d100000)
 Metaspace       used 76578K, committed 78336K, reserved 1179648K
  class space    used 8052K, committed 8832K, reserved 1048576K
}
Event: 2696.020 GC heap before
{Heap before GC invocations=219 (full 3):
 PSYoungGen      total 2560K, used 2559K [0x00000000d5580000, 0x00000000d5980000, 0x0000000100000000)
  eden space 2048K, 99% used [0x00000000d5580000,0x00000000d577ffd8,0x00000000d5780000)
  from space 512K, 100% used [0x00000000d5800000,0x00000000d5880000,0x00000000d5880000)
  to   space 1024K, 0% used [0x00000000d5880000,0x00000000d5880000,0x00000000d5980000)
 ParOldGen       total 214016K, used 213636K [0x0000000080000000, 0x000000008d100000, 0x00000000d5580000)
  object space 214016K, 99% used [0x0000000080000000,0x000000008d0a1300,0x000000008d100000)
 Metaspace       used 76592K, committed 78400K, reserved 1179648K
  class space    used 8053K, committed 8832K, reserved 1048576K
}
Event: 2696.025 GC heap after
{Heap after GC invocations=219 (full 3):
 PSYoungGen      total 2560K, used 320K [0x00000000d5580000, 0x00000000d5900000, 0x0000000100000000)
  eden space 2048K, 0% used [0x00000000d5580000,0x00000000d5580000,0x00000000d5780000)
  from space 512K, 62% used [0x00000000d5880000,0x00000000d58d0000,0x00000000d5900000)
  to   space 512K, 0% used [0x00000000d5800000,0x00000000d5800000,0x00000000d5880000)
 ParOldGen       total 214528K, used 214114K [0x0000000080000000, 0x000000008d180000, 0x00000000d5580000)
  object space 214528K, 99% used [0x0000000080000000,0x000000008d118b18,0x000000008d180000)
 Metaspace       used 76592K, committed 78400K, reserved 1179648K
  class space    used 8053K, committed 8832K, reserved 1048576K
}

Dll operation events (11 events):
Event: 0.018 Loaded shared library c:\Users\toant\.vscode\extensions\redhat.java-1.55.0-win32-x64\jre\21.0.11-win32-x86_64\bin\java.dll
Event: 0.113 Loaded shared library c:\Users\toant\.vscode\extensions\redhat.java-1.55.0-win32-x64\jre\21.0.11-win32-x86_64\bin\zip.dll
Event: 0.142 Loaded shared library C:\Users\toant\.vscode\extensions\redhat.java-1.55.0-win32-x64\jre\21.0.11-win32-x86_64\bin\instrument.dll
Event: 0.151 Loaded shared library C:\Users\toant\.vscode\extensions\redhat.java-1.55.0-win32-x64\jre\21.0.11-win32-x86_64\bin\net.dll
Event: 0.154 Loaded shared library C:\Users\toant\.vscode\extensions\redhat.java-1.55.0-win32-x64\jre\21.0.11-win32-x86_64\bin\nio.dll
Event: 0.158 Loaded shared library C:\Users\toant\.vscode\extensions\redhat.java-1.55.0-win32-x64\jre\21.0.11-win32-x86_64\bin\zip.dll
Event: 0.182 Loaded shared library C:\Users\toant\.vscode\extensions\redhat.java-1.55.0-win32-x64\jre\21.0.11-win32-x86_64\bin\jimage.dll
Event: 0.300 Loaded shared library c:\Users\toant\.vscode\extensions\redhat.java-1.55.0-win32-x64\jre\21.0.11-win32-x86_64\bin\verify.dll
Event: 4.741 Loaded shared library C:\Users\toant\AppData\Roaming\Code\User\globalStorage\redhat.java\1.55.0\config_win\org.eclipse.equinox.launcher\org.eclipse.equinox.launcher.win32.win32.x86_64_1.3.100.v20260613-0559\eclipse_11924.dll
Event: 16.710 Loaded shared library C:\Users\toant\AppData\Local\Temp\jna-110531980\jna17208849430857161167.dll
Event: 1301.207 Loaded shared library C:\Users\toant\.vscode\extensions\redhat.java-1.55.0-win32-x64\jre\21.0.11-win32-x86_64\bin\extnet.dll

Deoptimization events (20 events):
Event: 2633.339 Thread 0x0000022d6adc7b30 Uncommon trap: trap_request=0xffffff45 fr.pc=0x0000022d5619cf18 relative=0x0000000000000158
Event: 2633.339 Thread 0x0000022d6adc7b30 Uncommon trap: reason=unstable_if action=reinterpret pc=0x0000022d5619cf18 method=org.eclipse.jdt.internal.compiler.util.Util.effectivelyEqual([Ljava/lang/Object;[Ljava/lang/Object;)Z @ 56 c2
Event: 2633.339 Thread 0x0000022d6adc7b30 DEOPT PACKING pc=0x0000022d5619cf18 sp=0x000000a3016fd080
Event: 2633.339 Thread 0x0000022d6adc7b30 DEOPT UNPACKING pc=0x0000022d55053aa2 sp=0x000000a3016fcf80 mode 2
Event: 2633.339 Thread 0x0000022d6adc7b30 Uncommon trap: trap_request=0xffffff45 fr.pc=0x0000022d55fcffcc relative=0x00000000000000ac
Event: 2633.339 Thread 0x0000022d6adc7b30 Uncommon trap: reason=unstable_if action=reinterpret pc=0x0000022d55fcffcc method=org.eclipse.jdt.internal.compiler.util.Util.effectivelyEqual([Ljava/lang/Object;[Ljava/lang/Object;)Z @ 56 c2
Event: 2633.339 Thread 0x0000022d6adc7b30 DEOPT PACKING pc=0x0000022d55fcffcc sp=0x000000a3016fcff0
Event: 2633.339 Thread 0x0000022d6adc7b30 DEOPT UNPACKING pc=0x0000022d55053aa2 sp=0x000000a3016fcf80 mode 2
Event: 2633.341 Thread 0x0000022d6adc7b30 Uncommon trap: trap_request=0xffffff45 fr.pc=0x0000022d5611a1b4 relative=0x00000000000007f4
Event: 2633.341 Thread 0x0000022d6adc7b30 Uncommon trap: reason=unstable_if action=reinterpret pc=0x0000022d5611a1b4 method=org.eclipse.jdt.internal.compiler.lookup.AnnotationHolder.setAnnotations([Lorg/eclipse/jdt/internal/compiler/lookup/AnnotationBinding;)Lorg/eclipse/jdt/internal/compiler/loo
Event: 2633.341 Thread 0x0000022d6adc7b30 DEOPT PACKING pc=0x0000022d5611a1b4 sp=0x000000a3016fda70
Event: 2633.342 Thread 0x0000022d6adc7b30 DEOPT UNPACKING pc=0x0000022d55053aa2 sp=0x000000a3016fd940 mode 2
Event: 2633.342 Thread 0x0000022d6adc7b30 Uncommon trap: trap_request=0xffffffde fr.pc=0x0000022d55de0f3c relative=0x00000000000003bc
Event: 2633.342 Thread 0x0000022d6adc7b30 Uncommon trap: reason=class_check action=maybe_recompile pc=0x0000022d55de0f3c method=org.eclipse.jdt.internal.compiler.lookup.ReferenceBinding.storeAnnotationHolder(Lorg/eclipse/jdt/internal/compiler/lookup/Binding;Lorg/eclipse/jdt/internal/compiler/look
Event: 2633.342 Thread 0x0000022d6adc7b30 DEOPT PACKING pc=0x0000022d55de0f3c sp=0x000000a3016fda00
Event: 2633.342 Thread 0x0000022d6adc7b30 DEOPT UNPACKING pc=0x0000022d55053aa2 sp=0x000000a3016fd9b8 mode 2
Event: 2633.545 Thread 0x0000022d6adc7b30 Uncommon trap: trap_request=0xffffffde fr.pc=0x0000022d55fff88c relative=0x000000000000024c
Event: 2633.545 Thread 0x0000022d6adc7b30 Uncommon trap: reason=class_check action=maybe_recompile pc=0x0000022d55fff88c method=org.eclipse.jdt.internal.core.BinaryType.equals(Ljava/lang/Object;)Z @ 8 c2
Event: 2633.545 Thread 0x0000022d6adc7b30 DEOPT PACKING pc=0x0000022d55fff88c sp=0x000000a3016fdc70
Event: 2633.545 Thread 0x0000022d6adc7b30 DEOPT UNPACKING pc=0x0000022d55053aa2 sp=0x000000a3016fdc20 mode 2

Classes loaded (20 events):
Event: 1302.105 Loading class java/util/TaskQueue
Event: 1302.106 Loading class java/util/TaskQueue done
Event: 1302.106 Loading class java/util/TimerThread
Event: 1302.107 Loading class java/util/TimerThread done
Event: 1302.107 Loading class java/util/Timer$ThreadReaper
Event: 1302.107 Loading class java/util/Timer$ThreadReaper done
Event: 1302.115 Loading class java/util/concurrent/CompletableFuture$UniWhenComplete
Event: 1302.116 Loading class java/util/concurrent/CompletableFuture$UniWhenComplete done
Event: 1302.117 Loading class java/util/concurrent/CompletableFuture$UniCompose
Event: 1302.118 Loading class java/util/concurrent/CompletableFuture$UniCompose done
Event: 1302.119 Loading class java/util/concurrent/CompletableFuture$UniRelay
Event: 1302.119 Loading class java/util/concurrent/CompletableFuture$UniRelay done
Event: 1302.637 Loading class java/util/concurrent/ScheduledThreadPoolExecutor$DelayedWorkQueue$Itr
Event: 1302.640 Loading class java/util/concurrent/ScheduledThreadPoolExecutor$DelayedWorkQueue$Itr done
Event: 1307.092 Loading class java/lang/ProcessHandleImpl$ExitCompletion
Event: 1307.093 Loading class java/lang/ProcessHandleImpl$ExitCompletion done
Event: 1307.093 Loading class java/lang/ProcessHandleImpl$1
Event: 1307.093 Loading class java/lang/ProcessHandleImpl$1 done
Event: 1307.095 Loading class java/util/concurrent/CompletableFuture$UniHandle
Event: 1307.095 Loading class java/util/concurrent/CompletableFuture$UniHandle done

Classes unloaded (9 events):
Event: 17.396 Thread 0x0000022d4a863fd0 Unloading class 0x0000022d011a8c00 'java/lang/invoke/LambdaForm$MH+0x0000022d011a8c00'
Event: 17.396 Thread 0x0000022d4a863fd0 Unloading class 0x0000022d011a8800 'java/lang/invoke/LambdaForm$MH+0x0000022d011a8800'
Event: 17.396 Thread 0x0000022d4a863fd0 Unloading class 0x0000022d011a8400 'java/lang/invoke/LambdaForm$MH+0x0000022d011a8400'
Event: 17.396 Thread 0x0000022d4a863fd0 Unloading class 0x0000022d011a8000 'java/lang/invoke/LambdaForm$MH+0x0000022d011a8000'
Event: 17.396 Thread 0x0000022d4a863fd0 Unloading class 0x0000022d011a7c00 'java/lang/invoke/LambdaForm$BMH+0x0000022d011a7c00'
Event: 17.396 Thread 0x0000022d4a863fd0 Unloading class 0x0000022d011a7800 'java/lang/invoke/LambdaForm$DMH+0x0000022d011a7800'
Event: 17.396 Thread 0x0000022d4a863fd0 Unloading class 0x0000022d011a6400 'java/lang/invoke/LambdaForm$DMH+0x0000022d011a6400'
Event: 72.913 Thread 0x0000022d4a863fd0 Unloading class 0x0000022d01610000 'java/lang/invoke/LambdaForm$DMH+0x0000022d01610000'
Event: 72.913 Thread 0x0000022d4a863fd0 Unloading class 0x0000022d01610400 'java/lang/invoke/LambdaForm$DMH+0x0000022d01610400'

Classes redefined (0 events):
No events

Internal exceptions (20 events):
Event: 2568.958 Thread 0x0000022d6adc3990 Exception <a 'java/lang/NullPointerException'{0x00000000d55f4f88}> (0x00000000d55f4f88) 
thrown [s\src\hotspot\share\interpreter\linkResolver.cpp, line 1372]
Event: 2568.958 Thread 0x0000022d6adc3990 Exception <a 'java/lang/NullPointerException'{0x00000000d55f6218}> (0x00000000d55f6218) 
thrown [s\src\hotspot\share\interpreter\linkResolver.cpp, line 1372]
Event: 2569.196 Thread 0x0000022d6adc3990 Exception <a 'java/lang/NullPointerException'{0x00000000d57587b8}> (0x00000000d57587b8) 
thrown [s\src\hotspot\share\interpreter\linkResolver.cpp, line 1372]
Event: 2569.196 Thread 0x0000022d6adc3990 Exception <a 'java/lang/NullPointerException'{0x00000000d575c108}> (0x00000000d575c108) 
thrown [s\src\hotspot\share\interpreter\linkResolver.cpp, line 1372]
Event: 2632.895 Thread 0x0000022d6adc7b30 Implicit null exception at 0x0000022d55d9d148 to 0x0000022d55d9f41c
Event: 2633.027 Thread 0x0000022d6adc7b30 Exception <a 'java/lang/NullPointerException'{0x00000000d561c7b0}> (0x00000000d561c7b0) 
thrown [s\src\hotspot\share\interpreter\linkResolver.cpp, line 1372]
Event: 2633.027 Thread 0x0000022d6adc7b30 Exception <a 'java/lang/NullPointerException'{0x00000000d561dff0}> (0x00000000d561dff0) 
thrown [s\src\hotspot\share\interpreter\linkResolver.cpp, line 1372]
Event: 2633.069 Thread 0x0000022d6adc7b30 Exception <a 'java/lang/NullPointerException'{0x00000000d55b7da0}> (0x00000000d55b7da0) 
thrown [s\src\hotspot\share\interpreter\linkResolver.cpp, line 1372]
Event: 2633.069 Thread 0x0000022d6adc7b30 Exception <a 'java/lang/NullPointerException'{0x00000000d55b8bc8}> (0x00000000d55b8bc8) 
thrown [s\src\hotspot\share\interpreter\linkResolver.cpp, line 1372]
Event: 2633.069 Thread 0x0000022d6adc7b30 Exception <a 'java/lang/NullPointerException'{0x00000000d55b9dd0}> (0x00000000d55b9dd0) 
thrown [s\src\hotspot\share\interpreter\linkResolver.cpp, line 1372]
Event: 2633.069 Thread 0x0000022d6adc7b30 Exception <a 'java/lang/NullPointerException'{0x00000000d55ba570}> (0x00000000d55ba570) 
thrown [s\src\hotspot\share\interpreter\linkResolver.cpp, line 1372]
Event: 2633.069 Thread 0x0000022d6adc7b30 Exception <a 'java/lang/NullPointerException'{0x00000000d55bb1c0}> (0x00000000d55bb1c0) 
thrown [s\src\hotspot\share\interpreter\linkResolver.cpp, line 1372]
Event: 2633.070 Thread 0x0000022d6adc7b30 Exception <a 'java/lang/NullPointerException'{0x00000000d55bda50}> (0x00000000d55bda50) 
thrown [s\src\hotspot\share\interpreter\linkResolver.cpp, line 1372]
Event: 2633.070 Thread 0x0000022d6adc7b30 Exception <a 'java/lang/NullPointerException'{0x00000000d55be4a0}> (0x00000000d55be4a0) 
thrown [s\src\hotspot\share\interpreter\linkResolver.cpp, line 1372]
Event: 2633.070 Thread 0x0000022d6adc7b30 Exception <a 'java/lang/NullPointerException'{0x00000000d55bf030}> (0x00000000d55bf030) 
thrown [s\src\hotspot\share\interpreter\linkResolver.cpp, line 1372]
Event: 2633.073 Thread 0x0000022d6adc7b30 Exception <a 'java/lang/NullPointerException'{0x00000000d55c2ef8}> (0x00000000d55c2ef8) 
thrown [s\src\hotspot\share\interpreter\linkResolver.cpp, line 1372]
Event: 2633.341 Thread 0x0000022d6adc7b30 Implicit null exception at 0x0000022d56119ac8 to 0x0000022d5611a1a8
Event: 2633.348 Thread 0x0000022d6adc7b30 Exception <a 'java/lang/NullPointerException'{0x00000000d56dbc78}> (0x00000000d56dbc78) 
thrown [s\src\hotspot\share\interpreter\linkResolver.cpp, line 1372]
Event: 2633.406 Thread 0x0000022d6adc7b30 Exception <a 'java/lang/NullPointerException'{0x00000000d55d28c8}> (0x00000000d55d28c8) 
thrown [s\src\hotspot\share\interpreter\linkResolver.cpp, line 1372]
Event: 2633.407 Thread 0x0000022d6adc7b30 Exception <a 'java/lang/NullPointerException'{0x00000000d55d3128}> (0x00000000d55d3128) 
thrown [s\src\hotspot\share\interpreter\linkResolver.cpp, line 1372]

ZGC Phase Switch (0 events):
No events

VM Operations (20 events):
Event: 2633.193 Executing non-safepoint VM operation: HandshakeAllThreads (Deoptimize)
Event: 2633.194 Executing non-safepoint VM operation: HandshakeAllThreads (Deoptimize) done
Event: 2633.238 Executing safepoint VM operation: ParallelGCFailedAllocation (Allocation Failure)
Event: 2633.240 Executing safepoint VM operation: ParallelGCFailedAllocation (Allocation Failure) done
Event: 2633.355 Executing safepoint VM operation: ParallelGCFailedAllocation (Allocation Failure)
Event: 2633.357 Executing safepoint VM operation: ParallelGCFailedAllocation (Allocation Failure) done
Event: 2633.398 Executing safepoint VM operation: ParallelGCFailedAllocation (Allocation Failure)
Event: 2633.401 Executing safepoint VM operation: ParallelGCFailedAllocation (Allocation Failure) done
Event: 2633.420 Executing safepoint VM operation: ParallelGCFailedAllocation (Allocation Failure)
Event: 2633.422 Executing safepoint VM operation: ParallelGCFailedAllocation (Allocation Failure) done
Event: 2633.548 Executing safepoint VM operation: ParallelGCFailedAllocation (Allocation Failure)
Event: 2633.551 Executing safepoint VM operation: ParallelGCFailedAllocation (Allocation Failure) done
Event: 2634.552 Executing safepoint VM operation: Cleanup
Event: 2634.552 Executing safepoint VM operation: Cleanup done
Event: 2645.335 Executing non-safepoint VM operation: HandshakeAllThreads (HandshakeForDeflation)
Event: 2645.335 Executing non-safepoint VM operation: HandshakeAllThreads (HandshakeForDeflation) done
Event: 2645.335 Executing non-safepoint VM operation: RendezvousGCThreads
Event: 2645.335 Executing non-safepoint VM operation: RendezvousGCThreads done
Event: 2696.020 Executing safepoint VM operation: ParallelGCFailedAllocation (Allocation Failure)
Event: 2696.025 Executing safepoint VM operation: ParallelGCFailedAllocation (Allocation Failure) done

Memory protections (0 events):
No events

Nmethod flushes (20 events):
Event: 73.055 Thread 0x0000022d4a863fd0 flushing  nmethod 0x0000022d4e2ccc90
Event: 73.055 Thread 0x0000022d4a863fd0 flushing  nmethod 0x0000022d4e2ce290
Event: 73.055 Thread 0x0000022d4a863fd0 flushing  nmethod 0x0000022d4e2d1790
Event: 73.055 Thread 0x0000022d4a863fd0 flushing  nmethod 0x0000022d4e2fde90
Event: 73.055 Thread 0x0000022d4a863fd0 flushing  nmethod 0x0000022d4e306a10
Event: 73.055 Thread 0x0000022d4a863fd0 flushing osr nmethod 0x0000022d4e352f90
Event: 73.055 Thread 0x0000022d4a863fd0 flushing  nmethod 0x0000022d4e373910
Event: 73.055 Thread 0x0000022d4a863fd0 flushing  nmethod 0x0000022d4e385110
Event: 73.055 Thread 0x0000022d4a863fd0 flushing  nmethod 0x0000022d4e385a90
Event: 73.055 Thread 0x0000022d4a863fd0 flushing  nmethod 0x0000022d4e386d10
Event: 73.055 Thread 0x0000022d4a863fd0 flushing  nmethod 0x0000022d4e38b010
Event: 73.055 Thread 0x0000022d4a863fd0 flushing  nmethod 0x0000022d4e38b610
Event: 73.055 Thread 0x0000022d4a863fd0 flushing  nmethod 0x0000022d4e39ec90
Event: 73.055 Thread 0x0000022d4a863fd0 flushing  nmethod 0x0000022d4e39f290
Event: 73.055 Thread 0x0000022d4a863fd0 flushing  nmethod 0x0000022d4e3a0810
Event: 73.055 Thread 0x0000022d4a863fd0 flushing  nmethod 0x0000022d4e3a2910
Event: 73.055 Thread 0x0000022d4a863fd0 flushing  nmethod 0x0000022d4e3c9890
Event: 73.055 Thread 0x0000022d4a863fd0 flushing  nmethod 0x0000022d4e3cb790
Event: 73.055 Thread 0x0000022d4a863fd0 flushing osr nmethod 0x0000022d4e432610
Event: 73.055 Thread 0x0000022d4a863fd0 flushing osr nmethod 0x0000022d4e434390

Events (20 events):
Event: 2567.659 Thread 0x0000022d6adc5a60 Thread added: 0x0000022d6adc2c70
Event: 2567.693 Thread 0x0000022d6ad79bf0 Thread added: 0x0000022d6adc6780
Event: 2567.703 Thread 0x0000022d6adc6780 Thread added: 0x0000022d6adc4020
Event: 2567.705 Thread 0x0000022d6adc25e0 Thread added: 0x0000022d6adc7b30
Event: 2567.706 Thread 0x0000022d6adc4020 Thread added: 0x0000022d6adc8850
Event: 2568.403 Thread 0x0000022d631a3460 Thread added: 0x0000022d637d7f40
Event: 2574.720 Thread 0x0000022d637d7f40 Thread exited: 0x0000022d637d7f40
Event: 2575.029 Thread 0x0000022d637daef0 Thread exited: 0x0000022d637daef0
Event: 2593.861 Thread 0x0000022d6ad7c9e0 Thread exited: 0x0000022d6ad7c9e0
Event: 2623.510 Thread 0x0000022d631a3460 Thread added: 0x0000022d637d7f40
Event: 2623.515 Thread 0x0000022d63215390 Thread added: 0x0000022d6ad7afa0
Event: 2624.730 Thread 0x0000022d637d7f40 Thread exited: 0x0000022d637d7f40
Event: 2624.813 Thread 0x0000022d631a3460 Thread added: 0x0000022d637da820
Event: 2629.718 Thread 0x0000022d637da820 Thread exited: 0x0000022d637da820
Event: 2632.998 Thread 0x0000022d631a3460 Thread added: 0x0000022d637d93b0
Event: 2633.326 Thread 0x0000022d631a3460 Thread added: 0x0000022d637d8610
Event: 2638.896 Thread 0x0000022d637d8610 Thread exited: 0x0000022d637d8610
Event: 2643.623 Thread 0x0000022d637d93b0 Thread exited: 0x0000022d637d93b0
Event: 2684.743 Thread 0x0000022d6adc3990 Thread exited: 0x0000022d6adc3990
Event: 2684.745 Thread 0x0000022d63215390 Thread exited: 0x0000022d63215390


Dynamic libraries:
0x00007ff612870000 - 0x00007ff61287e000 	c:\Users\toant\.vscode\extensions\redhat.java-1.55.0-win32-x64\jre\21.0.11-win32-x86_64\bin\java.exe
0x00007ffd0a000000 - 0x00007ffd0a266000 	C:\WINDOWS\SYSTEM32\ntdll.dll
0x00007ffd098c0000 - 0x00007ffd09989000 	C:\WINDOWS\System32\KERNEL32.DLL
0x00007ffd073f0000 - 0x00007ffd077ea000 	C:\WINDOWS\System32\KERNELBASE.dll
0x00007ffd07aa0000 - 0x00007ffd07bec000 	C:\WINDOWS\System32\ucrtbase.dll
0x00007ffcd4570000 - 0x00007ffcd4588000 	c:\Users\toant\.vscode\extensions\redhat.java-1.55.0-win32-x64\jre\21.0.11-win32-x86_64\bin\jli.dll
0x00007ffd09580000 - 0x00007ffd09747000 	C:\WINDOWS\System32\USER32.dll
0x00007ffd07d40000 - 0x00007ffd07d67000 	C:\WINDOWS\System32\win32u.dll
0x00007ffd08ff0000 - 0x00007ffd0901b000 	C:\WINDOWS\System32\GDI32.dll
0x00007ffcebc40000 - 0x00007ffcebed2000 	C:\WINDOWS\WinSxS\amd64_microsoft.windows.common-controls_6595b64144ccf1df_6.0.26100.8521_none_3e08b75ce33403b3\COMCTL32.dll
0x00007ffd077f0000 - 0x00007ffd0791b000 	C:\WINDOWS\System32\gdi32full.dll
0x00007ffce79d0000 - 0x00007ffce79ee000 	c:\Users\toant\.vscode\extensions\redhat.java-1.55.0-win32-x64\jre\21.0.11-win32-x86_64\bin\VCRUNTIME140.dll
0x00007ffd090d0000 - 0x00007ffd09179000 	C:\WINDOWS\System32\msvcrt.dll
0x00007ffd07340000 - 0x00007ffd073e3000 	C:\WINDOWS\System32\msvcp_win.dll
0x00007ffd09880000 - 0x00007ffd098b2000 	C:\WINDOWS\System32\IMM32.DLL
0x00007ffcdc1a0000 - 0x00007ffcdc1ac000 	c:\Users\toant\.vscode\extensions\redhat.java-1.55.0-win32-x64\jre\21.0.11-win32-x86_64\bin\vcruntime140_1.dll
0x00007ffca9490000 - 0x00007ffca951d000 	c:\Users\toant\.vscode\extensions\redhat.java-1.55.0-win32-x64\jre\21.0.11-win32-x86_64\bin\msvcp140.dll
0x00007ffc0efe0000 - 0x00007ffc0fd82000 	c:\Users\toant\.vscode\extensions\redhat.java-1.55.0-win32-x64\jre\21.0.11-win32-x86_64\bin\server\jvm.dll
0x00007ffd08e30000 - 0x00007ffd08ee6000 	C:\WINDOWS\System32\ADVAPI32.dll
0x00007ffd097d0000 - 0x00007ffd0987a000 	C:\WINDOWS\System32\sechost.dll
0x00007ffd09a60000 - 0x00007ffd09b78000 	C:\WINDOWS\System32\RPCRT4.dll
0x00007ffd08ef0000 - 0x00007ffd08f70000 	C:\WINDOWS\System32\WS2_32.dll
0x00007ffd070f0000 - 0x00007ffd0714e000 	C:\WINDOWS\SYSTEM32\POWRPROF.dll
0x00007ffcff000000 - 0x00007ffcff036000 	C:\WINDOWS\SYSTEM32\WINMM.dll
0x00007ffd00960000 - 0x00007ffd0096b000 	C:\WINDOWS\SYSTEM32\VERSION.dll
0x00007ffd070d0000 - 0x00007ffd070e4000 	C:\WINDOWS\SYSTEM32\UMPDC.dll
0x00007ffd06020000 - 0x00007ffd0603b000 	C:\WINDOWS\SYSTEM32\kernel.appcore.dll
0x00007ffcdc120000 - 0x00007ffcdc12a000 	c:\Users\toant\.vscode\extensions\redhat.java-1.55.0-win32-x64\jre\21.0.11-win32-x86_64\bin\jimage.dll
0x00007ffd04c30000 - 0x00007ffd04e72000 	C:\WINDOWS\SYSTEM32\DBGHELP.DLL
0x00007ffd09c30000 - 0x00007ffd09fb3000 	C:\WINDOWS\System32\combase.dll
0x00007ffd09180000 - 0x00007ffd09259000 	C:\WINDOWS\System32\OLEAUT32.dll
0x00007ffcfb3e0000 - 0x00007ffcfb41b000 	C:\WINDOWS\SYSTEM32\dbgcore.DLL
0x00007ffd07290000 - 0x00007ffd07338000 	C:\WINDOWS\System32\bcryptPrimitives.dll
0x00007ffcd7050000 - 0x00007ffcd705f000 	c:\Users\toant\.vscode\extensions\redhat.java-1.55.0-win32-x64\jre\21.0.11-win32-x86_64\bin\instrument.dll
0x00007ffcd1910000 - 0x00007ffcd1930000 	c:\Users\toant\.vscode\extensions\redhat.java-1.55.0-win32-x64\jre\21.0.11-win32-x86_64\bin\java.dll
0x00007ffd07e70000 - 0x00007ffd085f4000 	C:\WINDOWS\System32\SHELL32.dll
0x00007ffd04e90000 - 0x00007ffd05710000 	C:\WINDOWS\SYSTEM32\windows.storage.dll
0x00007ffd08600000 - 0x00007ffd086f6000 	C:\WINDOWS\System32\SHCORE.dll
0x00007ffd099f0000 - 0x00007ffd09a57000 	C:\WINDOWS\System32\shlwapi.dll
0x00007ffd071b0000 - 0x00007ffd071d9000 	C:\WINDOWS\SYSTEM32\profapi.dll
0x00007ffcd1e60000 - 0x00007ffcd1e78000 	c:\Users\toant\.vscode\extensions\redhat.java-1.55.0-win32-x64\jre\21.0.11-win32-x86_64\bin\zip.dll
0x00007ffcd4700000 - 0x00007ffcd4710000 	C:\Users\toant\.vscode\extensions\redhat.java-1.55.0-win32-x64\jre\21.0.11-win32-x86_64\bin\net.dll
0x00007ffcffb00000 - 0x00007ffcffc29000 	C:\WINDOWS\SYSTEM32\WINHTTP.dll
0x00007ffd06590000 - 0x00007ffd065fc000 	C:\WINDOWS\system32\mswsock.dll
0x00007ffcd0c20000 - 0x00007ffcd0c36000 	C:\Users\toant\.vscode\extensions\redhat.java-1.55.0-win32-x64\jre\21.0.11-win32-x86_64\bin\nio.dll
0x00007ffcd4560000 - 0x00007ffcd4570000 	c:\Users\toant\.vscode\extensions\redhat.java-1.55.0-win32-x64\jre\21.0.11-win32-x86_64\bin\verify.dll
0x00007ffcc6180000 - 0x00007ffcc61c5000 	C:\Users\toant\AppData\Roaming\Code\User\globalStorage\redhat.java\1.55.0\config_win\org.eclipse.equinox.launcher\org.eclipse.equinox.launcher.win32.win32.x86_64_1.3.100.v20260613-0559\eclipse_11924.dll
0x00007ffd093d0000 - 0x00007ffd09568000 	C:\WINDOWS\System32\ole32.dll
0x00007ffd06870000 - 0x00007ffd0688b000 	C:\WINDOWS\SYSTEM32\CRYPTSP.dll
0x00007ffd05f80000 - 0x00007ffd05fb9000 	C:\WINDOWS\system32\rsaenh.dll
0x00007ffd06640000 - 0x00007ffd06673000 	C:\WINDOWS\SYSTEM32\USERENV.dll
0x00007ffd07180000 - 0x00007ffd071aa000 	C:\WINDOWS\SYSTEM32\bcrypt.dll
0x00007ffd06890000 - 0x00007ffd0689c000 	C:\WINDOWS\SYSTEM32\CRYPTBASE.dll
0x00007ffd05a70000 - 0x00007ffd05aa3000 	C:\WINDOWS\SYSTEM32\IPHLPAPI.DLL
0x00007ffd09570000 - 0x00007ffd0957a000 	C:\WINDOWS\System32\NSI.dll
0x00007ffcc4fb0000 - 0x00007ffcc4ff9000 	C:\Users\toant\AppData\Local\Temp\jna-110531980\jna17208849430857161167.dll
0x00007ffd08fe0000 - 0x00007ffd08fe8000 	C:\WINDOWS\System32\PSAPI.DLL
0x00007ffd00970000 - 0x00007ffd0098d000 	C:\WINDOWS\SYSTEM32\dhcpcsvc6.DLL
0x00007ffd000c0000 - 0x00007ffd000e5000 	C:\WINDOWS\SYSTEM32\dhcpcsvc.DLL
0x00007ffd02430000 - 0x00007ffd02439000 	C:\Users\toant\.vscode\extensions\redhat.java-1.55.0-win32-x64\jre\21.0.11-win32-x86_64\bin\extnet.dll

JVMTI agents:
c:\Users\toant\.vscode\extensions\redhat.java-1.55.0-win32-x64\lombok\lombok-1.18.39-4050.jar path:c:\Users\toant\.vscode\extensions\redhat.java-1.55.0-win32-x64\jre\21.0.11-win32-x86_64\bin\instrument.dll, loaded, initialized, instrumentlib options:none

dbghelp: loaded successfully - version: 4.0.5 - missing functions: none
symbol engine: initialized successfully - sym options: 0x614 - pdb path: .;c:\Users\toant\.vscode\extensions\redhat.java-1.55.0-win32-x64\jre\21.0.11-win32-x86_64\bin;C:\WINDOWS\SYSTEM32;C:\WINDOWS\WinSxS\amd64_microsoft.windows.common-controls_6595b64144ccf1df_6.0.26100.8521_none_3e08b75ce33403b3;c:\Users\toant\.vscode\extensions\redhat.java-1.55.0-win32-x64\jre\21.0.11-win32-x86_64\bin\server;C:\Users\toant\AppData\Roaming\Code\User\globalStorage\redhat.java\1.55.0\config_win\org.eclipse.equinox.launcher\org.eclipse.equinox.launcher.win32.win32.x86_64_1.3.100.v20260613-0559;C:\Users\toant\AppData\Local\Temp\jna-110531980

VM Arguments:
jvm_args: --add-modules=ALL-SYSTEM --add-opens=java.base/java.util=ALL-UNNAMED --add-opens=java.base/java.lang=ALL-UNNAMED --add-opens=java.base/sun.nio.fs=ALL-UNNAMED -Declipse.application=org.eclipse.jdt.ls.core.id1 -Dosgi.bundles.defaultStartLevel=4 -Declipse.product=org.eclipse.jdt.ls.core.product -Djava.import.generatesMetadataFilesAtProjectRoot=false -DDetectVMInstallationsJob.disabled=true -Dfile.encoding=utf8 -XX:+UseParallelGC -XX:GCTimeRatio=4 -XX:AdaptiveSizePolicyWeight=90 -Dsun.zip.disableMemoryMapping=true -Xmx2G -Xms100m -Xlog:disable -javaagent:c:\Users\toant\.vscode\extensions\redhat.java-1.55.0-win32-x64\lombok\lombok-1.18.39-4050.jar -XX:+HeapDumpOnOutOfMemoryError -XX:HeapDumpPath=c:\Users\toant\AppData\Roaming\Code\User\workspaceStorage\453487d52f53045395de0721a92c6c20\redhat.java -Daether.dependencyCollector.impl=bf 
java_command: c:\Users\toant\.vscode\extensions\redhat.java-1.55.0-win32-x64\server\plugins\org.eclipse.equinox.launcher_1.7.200.v20260619-2039.jar -configuration c:\Users\toant\AppData\Roaming\Code\User\globalStorage\redhat.java\1.55.0\config_win -data c:\Users\toant\AppData\Roaming\Code\User\workspaceStorage\453487d52f53045395de0721a92c6c20\redhat.java\jdt_ws --pipe=\\.\pipe\lsp-d682e02b40de8eaec39d5ea8d06922b2-sock
java_class_path (initial): c:\Users\toant\.vscode\extensions\redhat.java-1.55.0-win32-x64\server\plugins\org.eclipse.equinox.launcher_1.7.200.v20260619-2039.jar
Launcher Type: SUN_STANDARD

[Global flags]
    uintx AdaptiveSizePolicyWeight                 = 90                                        {product} {command line}
     intx CICompilerCount                          = 4                                         {product} {ergonomic}
    uintx GCTimeRatio                              = 4                                         {product} {command line}
     bool HeapDumpOnOutOfMemoryError               = true                                   {manageable} {command line}
    ccstr HeapDumpPath                             = c:\Users\toant\AppData\Roaming\Code\User\workspaceStorage\453487d52f53045395de0721a92c6c20\redhat.java         {manageable} {command line}
   size_t InitialHeapSize                          = 104857600                                 {product} {command line}
   size_t MaxHeapSize                              = 2147483648                                {product} {command line}
   size_t MaxNewSize                               = 715653120                                 {product} {ergonomic}
   size_t MinHeapDeltaBytes                        = 524288                                    {product} {ergonomic}
   size_t MinHeapSize                              = 104857600                                 {product} {command line}
   size_t NewSize                                  = 34603008                                  {product} {ergonomic}
    uintx NonNMethodCodeHeapSize                   = 5839372                                {pd product} {ergonomic}
    uintx NonProfiledCodeHeapSize                  = 122909434                              {pd product} {ergonomic}
   size_t OldSize                                  = 70254592                                  {product} {ergonomic}
    uintx ProfiledCodeHeapSize                     = 122909434                              {pd product} {ergonomic}
    uintx ReservedCodeCacheSize                    = 251658240                              {pd product} {ergonomic}
     bool SegmentedCodeCache                       = true                                      {product} {ergonomic}
   size_t SoftMaxHeapSize                          = 2147483648                             {manageable} {ergonomic}
     bool UseCompressedOops                        = true                           {product lp64_product} {ergonomic}
     bool UseLargePagesIndividualAllocation        = false                                  {pd product} {ergonomic}
     bool UseParallelGC                            = true                                      {product} {command line}

Logging:
Log output configuration:
 #0: stdout all=off uptime,level,tags foldmultilines=false
 #1: stderr all=off uptime,level,tags foldmultilines=false

Release file:
JAVA_VERSION="21.0.11" 
MODULES="java.base java.compiler java.datatransfer java.xml java.prefs java.desktop java.instrument java.logging java.management java.security.sasl java.naming java.rmi java.management.rmi java.net.http java.scripting java.security.jgss java.transaction.xa java.sql java.sql.rowset java.xml.crypto java.se java.smartcardio jdk.accessibility jdk.internal.jvmstat jdk.attach jdk.charsets jdk.internal.opt jdk.zipfs jdk.compiler jdk.crypto.ec jdk.crypto.cryptoki jdk.crypto.mscapi jdk.dynalink jdk.internal.ed jdk.editpad jdk.hotspot.agent jdk.httpserver jdk.internal.le jdk.internal.vm.ci jdk.internal.vm.compiler jdk.internal.vm.compiler.management jdk.jartool jdk.javadoc jdk.jcmd jdk.management jdk.management.agent jdk.jconsole jdk.jdeps jdk.jdwp.agent jdk.jdi jdk.jfr jdk.jshell jdk.jsobject jdk.jstatd jdk.localedata jdk.management.jfr jdk.naming.dns jdk.naming.rmi jdk.net jdk.nio.mapmode jdk.random jdk.sctp jdk.security.auth jdk.security.jgss jdk.unsupported jdk.unsupported.desktop jdk.xml.dom" 

Environment Variables:
PATH=C:\Program Files\Common Files\Oracle\Java\javapath;C:\Windows\system32;C:\Windows;C:\Windows\System32\Wbem;C:\Windows\System32\WindowsPowerShell\v1.0\;C:\Windows\System32\OpenSSH\;C:\Program Files\NVIDIA Corporation\NVIDIA NvDLISR;C:\WINDOWS\system32;C:\WINDOWS;C:\WINDOWS\System32\Wbem;C:\WINDOWS\System32\WindowsPowerShell\v1.0\;C:\WINDOWS\System32\OpenSSH\;C:\Program Files (x86)\Microsoft SQL Server\160\Tools\Binn\;C:\Program Files\Microsoft SQL Server\160\Tools\Binn\;C:\Program Files\Microsoft SQL Server\Client SDK\ODBC\170\Tools\Binn\;C:\Program Files\Microsoft SQL Server\160\DTS\Binn\;C:\composer;C:\xampp\php;C:\Program Files\nodejs\;C:\Program Files\Microsoft SQL Server\150\Tools\Binn\;C:\Program Files\dotnet\;C:\Program Files (x86)\Incredibuild;C:\Program Files (x86)\Windows Kits\10\Windows Performance Toolkit\;C:\Program Files (x86)\Microsoft SQL Server\160\DTS\Binn\;E:\Git\cmd;C:\Users\toant\.local\bin;C:\Users\toant\AppData\Local\Microsoft\WindowsApps;C:\Users\toant\AppData\Local\Programs\Microsoft VS Code\bin;C:\Users\toant\AppData\Roaming\Composer\vendor\bin;C:\Users\toant\AppData\Roaming\npm;C:\Users\toant\.dotnet\tools
USERNAME=toant
OS=Windows_NT
PROCESSOR_IDENTIFIER=AMD64 Family 23 Model 104 Stepping 1, AuthenticAMD
TMP=C:\Users\toant\AppData\Local\Temp
TEMP=C:\Users\toant\AppData\Local\Temp




Periodic native trim disabled

---------------  S Y S T E M  ---------------

OS:
 Windows 11 , 64 bit Build 26100 (10.0.26100.8521)
OS uptime: 9 days 0:44 hours

CPU: total 12 (initial active 12) (12 cores per cpu, 2 threads per core) family 23 model 104 stepping 1 microcode 0x8608102, cx8, cmov, fxsr, ht, mmx, 3dnowpref, sse, sse2, sse3, ssse3, sse4a, sse4.1, sse4.2, popcnt, lzcnt, tsc, tscinvbit, avx, avx2, aes, clmul, bmi1, bmi2, adx, sha, fma, vzeroupper, clflush, clflushopt, rdtscp, rdpid, f16c
Processor Information for processor 0
  Max Mhz: 2100, Current Mhz: 1893, Mhz Limit: 2100
Processor Information for processor 1
  Max Mhz: 2100, Current Mhz: 1813, Mhz Limit: 2100
Processor Information for processor 2
  Max Mhz: 2100, Current Mhz: 1893, Mhz Limit: 2100
Processor Information for processor 3
  Max Mhz: 2100, Current Mhz: 1893, Mhz Limit: 2100
Processor Information for processor 4
  Max Mhz: 2100, Current Mhz: 1893, Mhz Limit: 2100
Processor Information for processor 5
  Max Mhz: 2100, Current Mhz: 1893, Mhz Limit: 2100
Processor Information for processor 6
  Max Mhz: 2100, Current Mhz: 1893, Mhz Limit: 2100
Processor Information for processor 7
  Max Mhz: 2100, Current Mhz: 1893, Mhz Limit: 2100
Processor Information for processor 8
  Max Mhz: 2100, Current Mhz: 1893, Mhz Limit: 2100
Processor Information for processor 9
  Max Mhz: 2100, Current Mhz: 1893, Mhz Limit: 2100
Processor Information for processor 10
  Max Mhz: 2100, Current Mhz: 1893, Mhz Limit: 2100
Processor Information for processor 11
  Max Mhz: 2100, Current Mhz: 1893, Mhz Limit: 2100

Memory: 4k page, system-wide physical 7530M (656M free)
TotalPageFile size 24338M (AvailPageFile size 148M)
current process WorkingSet (physical memory assigned to process): 15M, peak: 355M
current process commit charge ("private bytes"): 562M, peak: 565M

vm_info: OpenJDK 64-Bit Server VM (21.0.11+10-LTS) for windows-amd64 JRE (21.0.11+10-LTS), built on 2026-04-21T00:00:00Z by "admin" with MS VC++ 17.12 (VS2022)

END.
